<?xml version="1.0" encoding="UTF-8"?>
<!-- Generated by org.testng.reporters.JUnitXMLReporter -->
<testsuite hostname="DESKTOP-GJSR5I4" ignored="0" name="Default test" tests="3" failures="0" timestamp="08 Dec 2020 07:51:41 GMT" time="231.477" errors="0">
  <testcase name="feature" time="64.983" classname="cucumber.api.testng.AbstractTestNGCucumberTests"/>
  <testcase name="feature" time="14.706" classname="cucumber.api.testng.AbstractTestNGCucumberTests"/>
  <testcase name="feature" time="151.193" classname="cucumber.api.testng.AbstractTestNGCucumberTests"/>
</testsuite> <!-- Default test -->
