<?xml version="1.0" encoding="UTF-8"?>
<testng-results skipped="0" failed="0" ignored="0" total="3" passed="3">
  <reporter-output>
  </reporter-output>
  <suite name="Default suite" duration-ms="231477" started-at="2020-12-08T07:47:49Z" finished-at="2020-12-08T07:51:41Z">
    <groups>
      <group name="cucumber">
        <method signature="AbstractTestNGCucumberTests.feature(cucumber.api.testng.CucumberFeatureWrapper)[pri:0, instance:Runners.TestRunnerTestng@1990a65e]" name="feature" class="cucumber.api.testng.AbstractTestNGCucumberTests"/>
      </group> <!-- cucumber -->
    </groups>
    <test name="Default test" duration-ms="231477" started-at="2020-12-08T07:47:49Z" finished-at="2020-12-08T07:51:41Z">
      <class name="Runners.TestRunnerTestng">
        <test-method status="PASS" signature="setUpClass()[pri:0, instance:Runners.TestRunnerTestng@1990a65e]" name="setUpClass" is-config="true" duration-ms="368" started-at="2020-12-08T07:47:49Z" finished-at="2020-12-08T07:47:49Z">
          <reporter-output>
          </reporter-output>
        </test-method> <!-- setUpClass -->
        <test-method status="PASS" signature="feature(cucumber.api.testng.CucumberFeatureWrapper)[pri:0, instance:Runners.TestRunnerTestng@1990a65e]" name="feature" duration-ms="64983" started-at="2020-12-08T07:47:50Z" description="Runs Cucumber Feature" data-provider="features" finished-at="2020-12-08T07:48:55Z">
          <params>
            <param index="0">
              <value>
                <![CDATA[Login]]>
              </value>
            </param>
          </params>
          <reporter-output>
          </reporter-output>
        </test-method> <!-- feature -->
        <test-method status="PASS" signature="feature(cucumber.api.testng.CucumberFeatureWrapper)[pri:0, instance:Runners.TestRunnerTestng@1990a65e]" name="feature" duration-ms="14706" started-at="2020-12-08T07:48:55Z" description="Runs Cucumber Feature" data-provider="features" finished-at="2020-12-08T07:49:09Z">
          <params>
            <param index="0">
              <value>
                <![CDATA[UpdateCart]]>
              </value>
            </param>
          </params>
          <reporter-output>
          </reporter-output>
        </test-method> <!-- feature -->
        <test-method status="PASS" signature="feature(cucumber.api.testng.CucumberFeatureWrapper)[pri:0, instance:Runners.TestRunnerTestng@1990a65e]" name="feature" duration-ms="151193" started-at="2020-12-08T07:49:09Z" description="Runs Cucumber Feature" data-provider="features" finished-at="2020-12-08T07:51:40Z">
          <params>
            <param index="0">
              <value>
                <![CDATA[Registration]]>
              </value>
            </param>
          </params>
          <reporter-output>
          </reporter-output>
        </test-method> <!-- feature -->
        <test-method status="PASS" signature="tearDownClass()[pri:0, instance:Runners.TestRunnerTestng@1990a65e]" name="tearDownClass" is-config="true" duration-ms="57" started-at="2020-12-08T07:51:40Z" finished-at="2020-12-08T07:51:41Z">
          <reporter-output>
          </reporter-output>
        </test-method> <!-- tearDownClass -->
      </class> <!-- Runners.TestRunnerTestng -->
    </test> <!-- Default test -->
  </suite> <!-- Default suite -->
</testng-results>
